android/unityLibrary/build/intermediates/manifest_merge_blame_file/debug/manifest-merger-blame-debug-report.txt
1<?xml version="1.0" encoding="utf-8"?>
2<!-- GENERATED BY UNITY. REMOVE THIS COMMENT TO PREVENT OVERWRITING WHEN EXPORTING AGAIN -->
3<manifest xmlns:android="http://schemas.android.com/apk/res/android"
4    xmlns:tools="http://schemas.android.com/tools"
5    package="com.unity3d.player"
6    android:versionCode="1"
7    android:versionName="0.1" >
8
9    <uses-sdk
10        android:minSdkVersion="19"
10-->src\main\AndroidManifest.xml
11        android:targetSdkVersion="29" />
11-->src\main\AndroidManifest.xml
12
13    <uses-feature android:glEsVersion="0x00030000" />
13-->src\main\AndroidManifest.xml:12:3-52
13-->src\main\AndroidManifest.xml:12:17-49
14
15    <uses-permission android:name="android.permission.INTERNET" />
15-->src\main\AndroidManifest.xml:13:3-65
15-->src\main\AndroidManifest.xml:13:20-62
16
17    <uses-feature
17-->src\main\AndroidManifest.xml:14:3-88
18        android:name="android.hardware.touchscreen"
18-->src\main\AndroidManifest.xml:14:17-60
19        android:required="false" />
19-->src\main\AndroidManifest.xml:14:61-85
20    <uses-feature
20-->src\main\AndroidManifest.xml:15:3-99
21        android:name="android.hardware.touchscreen.multitouch"
21-->src\main\AndroidManifest.xml:15:17-71
22        android:required="false" />
22-->src\main\AndroidManifest.xml:15:72-96
23    <uses-feature
23-->src\main\AndroidManifest.xml:16:3-108
24        android:name="android.hardware.touchscreen.multitouch.distinct"
24-->src\main\AndroidManifest.xml:16:17-80
25        android:required="false" />
25-->src\main\AndroidManifest.xml:16:81-105
26
27    <application>
27-->src\main\AndroidManifest.xml:4:3-11:17
28        <meta-data
28-->src\main\AndroidManifest.xml:6:5-69
29            android:name="unity.splash-mode"
29-->src\main\AndroidManifest.xml:6:16-48
30            android:value="0" />
30-->src\main\AndroidManifest.xml:6:49-66
31        <meta-data
31-->src\main\AndroidManifest.xml:7:5-74
32            android:name="unity.splash-enable"
32-->src\main\AndroidManifest.xml:7:16-50
33            android:value="True" />
33-->src\main\AndroidManifest.xml:7:51-71
34        <meta-data
34-->src\main\AndroidManifest.xml:8:5-84
35            android:name="unity.allow-resizable-window"
35-->src\main\AndroidManifest.xml:8:16-59
36            android:value="False" />
36-->src\main\AndroidManifest.xml:8:60-81
37        <meta-data
37-->src\main\AndroidManifest.xml:9:5-81
38            android:name="notch.config"
38-->src\main\AndroidManifest.xml:9:16-43
39            android:value="portrait|landscape" />
39-->src\main\AndroidManifest.xml:9:44-78
40        <meta-data
40-->src\main\AndroidManifest.xml:10:5-101
41            android:name="unity.build-id"
41-->src\main\AndroidManifest.xml:10:16-45
42            android:value="d76bb81d-15d0-438b-aaef-838f3b557876" />
42-->src\main\AndroidManifest.xml:10:46-98
43    </application>
44
45</manifest>